
2023/09/02 (21:39:35) | ===> btop++ v.1.2.13
2023/09/02 (21:39:35) | ERROR: Stall in Runner thread, restarting!
2023/09/02 (21:45:03) | ERROR: Stall in Runner thread, restarting!
2023/09/02 (21:50:45) | ERROR: Stall in Runner thread, restarting!

2023/12/04 (17:07:09) | ===> btop++ v.1.2.13
2023/12/04 (17:07:09) | WARNING: Error in Mem::collect() : filesystem error: cannot get file time: No such file or directory [/etc/fstab]
2023/12/04 (17:07:09) | ERROR: Exception in runner thread -> Proc:: -> filesystem error: cannot get file time: No such file or directory [/etc/passwd]

2024/02/03 (17:41:11) | ===> btop++ v.1.2.13
2024/02/03 (17:41:11) | ERROR: Stall in Runner thread, restarting!

2024/02/24 (16:12:17) | ===> btop++ v.1.3.0
2024/02/24 (16:12:17) | WARNING: Failed to get disk/partition stats for mount "/run/media/jkyon/Seagate\040Backup\040Plus\040Drive" with statvfs error code: 2. Ignoring...

2024/03/01 (02:24:08) | ===> btop++ v.1.3.0
2024/03/01 (02:24:08) | ERROR: Stall in Runner thread, restarting!

2024/03/04 (13:00:25) | ===> btop++ v.1.3.0
2024/03/04 (13:00:25) | ERROR: Stall in Runner thread, restarting!
2024/03/04 (13:00:36) | ERROR: Stall in Runner thread, restarting!
2024/03/04 (13:00:48) | ERROR: Stall in Runner thread, restarting!

2024/03/07 (05:07:28) | ===> btop++ v.1.3.0
2024/03/07 (05:07:28) | WARNING: Failed to get disk/partition stats for mount "/run/user/1000/doc" with statvfs error code: 1. Ignoring...
2024/03/07 (05:07:28) | WARNING: Failed to get disk/partition stats for mount "/run/docker/netns/default" with statvfs error code: 13. Ignoring...
2024/03/07 (05:07:28) | WARNING: Failed to get disk/partition stats for mount "/var/lib/docker/overlay2/b78a3bfebab33f39dc3138ad3da7cfedd540d8065f1d7cc03c7df8e669ea234d/merged" with statvfs error code: 13. Ignoring...

2024/04/25 (21:22:37) | ===> btop++ v.1.3.2
2024/04/25 (21:22:37) | WARNING: Failed to get disk/partition stats for mount "/var/tmp/portage/sys-kernel/gentoo-kernel-bin-6.6.28/temp/grub-btrfs.RCf9mY7Fyu" with statvfs error code: 13. Ignoring...

2024/06/12 (19:12:06) | ===> btop++ v.1.3.2
2024/06/12 (19:13:15) | ERROR: Stall in Runner thread, restarting!
2024/06/12 (19:14:17) | ERROR: Stall in Runner thread, restarting!
2024/06/12 (19:14:28) | ERROR: Stall in Runner thread, restarting!
2024/06/12 (19:15:42) | ERROR: Stall in Runner thread, restarting!
2024/06/12 (19:16:35) | ERROR: Stall in Runner thread, restarting!

2024/06/27 (21:13:23) | ===> btop++ v.1.3.2
2024/06/27 (21:13:23) | ERROR: Exception during Config::unlock() : unordered_map::at
